  main.cpp
C:\Users\fabro\OneDrive\Documentos\GitHub\AI-2020-V\T2-TicTacToe\main.cpp(97,1): warning C4267: 'argument': conversion from 'size_t' to 'int', possible loss of data
C:\Users\fabro\OneDrive\Documentos\GitHub\AI-2020-V\T2-TicTacToe\main.cpp(225,48): warning C4244: 'argument': conversion from 'double' to 'GLfloat', possible loss of data
C:\Users\fabro\OneDrive\Documentos\GitHub\AI-2020-V\T2-TicTacToe\main.cpp(225,21): warning C4244: 'argument': conversion from 'double' to 'GLfloat', possible loss of data
C:\Users\fabro\OneDrive\Documentos\GitHub\AI-2020-V\T2-TicTacToe\main.cpp(226,48): warning C4244: 'argument': conversion from 'double' to 'GLfloat', possible loss of data
C:\Users\fabro\OneDrive\Documentos\GitHub\AI-2020-V\T2-TicTacToe\main.cpp(226,21): warning C4244: 'argument': conversion from 'double' to 'GLfloat', possible loss of data
C:\Users\fabro\OneDrive\Documentos\GitHub\AI-2020-V\T2-TicTacToe\main.cpp(227,48): warning C4244: 'argument': conversion from 'double' to 'GLfloat', possible loss of data
C:\Users\fabro\OneDrive\Documentos\GitHub\AI-2020-V\T2-TicTacToe\main.cpp(227,21): warning C4244: 'argument': conversion from 'double' to 'GLfloat', possible loss of data
C:\Users\fabro\OneDrive\Documentos\GitHub\AI-2020-V\T2-TicTacToe\main.cpp(228,48): warning C4244: 'argument': conversion from 'double' to 'GLfloat', possible loss of data
C:\Users\fabro\OneDrive\Documentos\GitHub\AI-2020-V\T2-TicTacToe\main.cpp(228,21): warning C4244: 'argument': conversion from 'double' to 'GLfloat', possible loss of data
C:\Users\fabro\OneDrive\Documentos\GitHub\AI-2020-V\T2-TicTacToe\main.cpp(229,48): warning C4244: 'argument': conversion from 'double' to 'GLfloat', possible loss of data
C:\Users\fabro\OneDrive\Documentos\GitHub\AI-2020-V\T2-TicTacToe\main.cpp(229,21): warning C4244: 'argument': conversion from 'double' to 'GLfloat', possible loss of data
C:\Users\fabro\OneDrive\Documentos\GitHub\AI-2020-V\T2-TicTacToe\main.cpp(239,28): warning C4244: 'argument': conversion from 'double' to 'float', possible loss of data
C:\Users\fabro\OneDrive\Documentos\GitHub\AI-2020-V\T2-TicTacToe\main.cpp(240,28): warning C4244: 'argument': conversion from 'double' to 'float', possible loss of data
C:\Users\fabro\OneDrive\Documentos\GitHub\AI-2020-V\T2-TicTacToe\main.cpp(241,29): warning C4244: 'argument': conversion from 'double' to 'GLfloat', possible loss of data
C:\Users\fabro\OneDrive\Documentos\GitHub\AI-2020-V\T2-TicTacToe\main.cpp(241,16): warning C4244: 'argument': conversion from 'double' to 'GLfloat', possible loss of data
C:\Users\fabro\OneDrive\Documentos\GitHub\AI-2020-V\T2-TicTacToe\main.cpp(476,21): warning C4267: '=': conversion from 'size_t' to 'int', possible loss of data
main.obj : error LNK2019: unresolved external symbol __imp_glutInit referenced in function main
main.obj : error LNK2019: unresolved external symbol __imp_glutInitWindowPosition referenced in function main
main.obj : error LNK2019: unresolved external symbol __imp_glutInitWindowSize referenced in function main
main.obj : error LNK2019: unresolved external symbol __imp_glutInitDisplayMode referenced in function main
main.obj : error LNK2019: unresolved external symbol __imp_glutMainLoop referenced in function main
main.obj : error LNK2019: unresolved external symbol __imp_glutCreateWindow referenced in function main
main.obj : error LNK2019: unresolved external symbol __imp_glutPostRedisplay referenced in function "void __cdecl idle(void)" (?idle@@YAXXZ)
main.obj : error LNK2019: unresolved external symbol __imp_glutSwapBuffers referenced in function "void __cdecl glPaint(void)" (?glPaint@@YAXXZ)
main.obj : error LNK2019: unresolved external symbol __imp_glutIdleFunc referenced in function main
main.obj : error LNK2019: unresolved external symbol __imp_glutKeyboardFunc referenced in function main
main.obj : error LNK2019: unresolved external symbol __imp_glutReshapeFunc referenced in function main
main.obj : error LNK2019: unresolved external symbol __imp_glutDisplayFunc referenced in function main
main.obj : error LNK2019: unresolved external symbol __imp_glutMouseFunc referenced in function main
main.obj : error LNK2019: unresolved external symbol __imp_glutMotionFunc referenced in function main
C:\Users\fabro\OneDrive\Documentos\GitHub\EDA-2019-01\OpenGL\freeglut\lib\freeglut.lib : warning LNK4272: library machine type 'x86' conflicts with target machine type 'x64'
C:\Users\fabro\OneDrive\Documentos\GitHub\EDA-2019-01\OpenGL\glew-1.11.0\lib\glew32.lib : warning LNK4272: library machine type 'x86' conflicts with target machine type 'x64'
C:\Users\fabro\OneDrive\Documentos\GitHub\AI-2020-V\T2-TicTacToe\x64\Debug\T2-TicTacToe.exe : fatal error LNK1120: 14 unresolved externals
